<?xml version="1.0" encoding="utf-8"?><testsuites name="pytest tests"><testsuite name="pytest" errors="0" failures="0" skipped="0" tests="30" time="10.050" timestamp="2026-06-27T16:00:36.403659+00:00" hostname="agent-env-099169ee-3f7b-459c-90c5-426eba19f2cb"><testcase classname="tests.test_swipenight_api.TestAuth" name="test_login_seeded_user" time="0.539" /><testcase classname="tests.test_swipenight_api.TestAuth" name="test_login_invalid_password" time="0.271" /><testcase classname="tests.test_swipenight_api.TestAuth" name="test_register_new_user" time="0.269" /><testcase classname="tests.test_swipenight_api.TestAuth" name="test_register_duplicate_email" time="0.044" /><testcase classname="tests.test_swipenight_api.TestAuth" name="test_me_authenticated" time="0.314" /><testcase classname="tests.test_swipenight_api.TestAuth" name="test_me_unauthenticated" time="0.044" /><testcase classname="tests.test_swipenight_api.TestOnboarding" name="test_update_preferences" time="0.055" /><testcase classname="tests.test_swipenight_api.TestOnboarding" name="test_calibration_returns_20" time="0.047" /><testcase classname="tests.test_swipenight_api.TestRecommendations" name="test_home_feed" time="0.081" /><testcase classname="tests.test_swipenight_api.TestRecommendations" name="test_recommendations_contexts[general]" time="0.068" /><testcase classname="tests.test_swipenight_api.TestRecommendations" name="test_recommendations_contexts[movies]" time="0.043" /><testcase classname="tests.test_swipenight_api.TestRecommendations" name="test_recommendations_contexts[series]" time="0.064" /><testcase classname="tests.test_swipenight_api.TestRecommendations" name="test_recommendations_contexts[anime]" time="0.060" /><testcase classname="tests.test_swipenight_api.TestRecommendations" name="test_recommendations_contexts[new]" time="0.046" /><testcase classname="tests.test_swipenight_api.TestRecommendations" name="test_reasons_endpoint" time="0.120" /><testcase classname="tests.test_swipenight_api.TestBrowse" name="test_browse_no_filters" time="0.059" /><testcase classname="tests.test_swipenight_api.TestBrowse" name="test_browse_type_movie" time="0.049" /><testcase classname="tests.test_swipenight_api.TestBrowse" name="test_browse_search" time="0.053" /><testcase classname="tests.test_swipenight_api.TestBrowse" name="test_content_detail" time="0.105" /><testcase classname="tests.test_swipenight_api.TestEventsAndWatchlist" name="test_event_like_persists_state" time="0.156" /><testcase classname="tests.test_swipenight_api.TestEventsAndWatchlist" name="test_watchlist_add_and_get" time="0.145" /><testcase classname="tests.test_swipenight_api.TestEventsAndWatchlist" name="test_watchlist_remove" time="0.196" /><testcase classname="tests.test_swipenight_api.TestReviews" name="test_create_review" time="0.148" /><testcase classname="tests.test_swipenight_api.TestReviews" name="test_private_review_not_visible_to_others" time="0.144" /><testcase classname="tests.test_swipenight_api.TestRooms" name="test_join_demo_room" time="0.052" /><testcase classname="tests.test_swipenight_api.TestRooms" name="test_full_room_flow" time="0.290" /><testcase classname="tests.test_swipenight_api.TestRooms" name="test_join_invalid_code" time="0.045" /><testcase classname="tests.test_swipenight_api.TestPrivacy" name="test_get_privacy_defaults" time="0.047" /><testcase classname="tests.test_swipenight_api.TestPrivacy" name="test_update_privacy" time="0.065" /><testcase classname="tests.test_swipenight_api.TestDevJob" name="test_run_daily_job" time="6.323" /></testsuite></testsuites>